<?xml version="1.0" encoding="UTF-8"?>
<coverage generated="1497117100396" clover="3.2.0">
  <project timestamp="1497117100396" name="All files">
    <metrics statements="127" coveredstatements="118" conditionals="94" coveredconditionals="93" methods="36" coveredmethods="31" elements="257" coveredelements="242" complexity="0" loc="127" ncloc="127" packages="4" files="11" classes="11">
      <package name="Actions">
        <metrics statements="68" coveredstatements="59" conditionals="30" coveredconditionals="29" methods="31" coveredmethods="26"/>
        <file name="AppActions.js" path="E:\FTN\Master studije\Master rad\FaVila\src\main\webapp\Actions\AppActions.js">
          <metrics statements="10" coveredstatements="10" conditionals="9" coveredconditionals="8" methods="5" coveredmethods="5"/>
          <line num="3" count="1" type="stmt"/>
          <line num="5" count="11" type="stmt"/>
          <line num="8" count="9" type="stmt"/>
          <line num="12" count="4" type="stmt"/>
          <line num="13" count="3" type="cond" truecount="2" falsecount="0"/>
          <line num="14" count="1" type="cond" truecount="1" falsecount="1"/>
          <line num="16" count="2" type="stmt"/>
          <line num="22" count="1" type="stmt"/>
          <line num="23" count="20" type="cond" truecount="5" falsecount="0"/>
          <line num="24" count="3" type="stmt"/>
        </file>
        <file name="GroupActions.js" path="E:\FTN\Master studije\Master rad\FaVila\src\main\webapp\Actions\GroupActions.js">
          <metrics statements="6" coveredstatements="4" conditionals="0" coveredconditionals="0" methods="2" coveredmethods="1"/>
          <line num="9" count="1" type="stmt"/>
          <line num="11" count="1" type="stmt"/>
          <line num="13" count="1" type="stmt"/>
          <line num="14" count="0" type="stmt"/>
          <line num="15" count="0" type="stmt"/>
          <line num="18" count="1" type="stmt"/>
        </file>
        <file name="LoginPageActions.js" path="E:\FTN\Master studije\Master rad\FaVila\src\main\webapp\Actions\LoginPageActions.js">
          <metrics statements="10" coveredstatements="10" conditionals="7" coveredconditionals="7" methods="4" coveredmethods="4"/>
          <line num="7" count="4" type="stmt"/>
          <line num="11" count="4" type="stmt"/>
          <line num="15" count="2" type="cond" truecount="2" falsecount="0"/>
          <line num="16" count="1" type="stmt"/>
          <line num="18" count="1" type="stmt"/>
          <line num="23" count="1" type="stmt"/>
          <line num="24" count="8" type="stmt"/>
          <line num="25" count="8" type="cond" truecount="5" falsecount="0"/>
          <line num="26" count="6" type="stmt"/>
          <line num="28" count="2" type="stmt"/>
        </file>
        <file name="MyGroupPageActions.js" path="E:\FTN\Master studije\Master rad\FaVila\src\main\webapp\Actions\MyGroupPageActions.js">
          <metrics statements="13" coveredstatements="13" conditionals="7" coveredconditionals="7" methods="6" coveredmethods="6"/>
          <line num="9" count="2" type="stmt"/>
          <line num="10" count="2" type="stmt"/>
          <line num="14" count="1" type="stmt"/>
          <line num="18" count="4" type="stmt"/>
          <line num="22" count="4" type="stmt"/>
          <line num="26" count="2" type="cond" truecount="2" falsecount="0"/>
          <line num="27" count="1" type="stmt"/>
          <line num="29" count="1" type="stmt"/>
          <line num="34" count="1" type="stmt"/>
          <line num="35" count="8" type="stmt"/>
          <line num="36" count="8" type="cond" truecount="5" falsecount="0"/>
          <line num="37" count="6" type="stmt"/>
          <line num="39" count="2" type="stmt"/>
        </file>
        <file name="ProfilePageActions.js" path="E:\FTN\Master studije\Master rad\FaVila\src\main\webapp\Actions\ProfilePageActions.js">
          <metrics statements="14" coveredstatements="14" conditionals="7" coveredconditionals="7" methods="7" coveredmethods="7"/>
          <line num="9" count="2" type="stmt"/>
          <line num="10" count="2" type="stmt"/>
          <line num="14" count="1" type="stmt"/>
          <line num="18" count="4" type="stmt"/>
          <line num="22" count="4" type="stmt"/>
          <line num="26" count="4" type="stmt"/>
          <line num="30" count="2" type="cond" truecount="2" falsecount="0"/>
          <line num="31" count="1" type="stmt"/>
          <line num="33" count="1" type="stmt"/>
          <line num="38" count="1" type="stmt"/>
          <line num="39" count="12" type="stmt"/>
          <line num="40" count="12" type="cond" truecount="5" falsecount="0"/>
          <line num="41" count="9" type="stmt"/>
          <line num="43" count="3" type="stmt"/>
        </file>
        <file name="UserActions.js" path="E:\FTN\Master studije\Master rad\FaVila\src\main\webapp\Actions\UserActions.js">
          <metrics statements="15" coveredstatements="8" conditionals="0" coveredconditionals="0" methods="7" coveredmethods="3"/>
          <line num="9" count="1" type="stmt"/>
          <line num="11" count="1" type="stmt"/>
          <line num="13" count="1" type="stmt"/>
          <line num="14" count="0" type="stmt"/>
          <line num="16" count="1" type="stmt"/>
          <line num="20" count="1" type="stmt"/>
          <line num="21" count="0" type="stmt"/>
          <line num="22" count="0" type="stmt"/>
          <line num="24" count="1" type="stmt"/>
          <line num="28" count="1" type="stmt"/>
          <line num="29" count="0" type="stmt"/>
          <line num="30" count="0" type="stmt"/>
          <line num="33" count="1" type="stmt"/>
          <line num="37" count="0" type="stmt"/>
          <line num="38" count="0" type="stmt"/>
        </file>
      </package>
      <package name="Constants">
        <metrics statements="4" coveredstatements="4" conditionals="0" coveredconditionals="0" methods="0" coveredmethods="0"/>
        <file name="AppConstants.js" path="E:\FTN\Master studije\Master rad\FaVila\src\main\webapp\Constants\AppConstants.js">
          <metrics statements="4" coveredstatements="4" conditionals="0" coveredconditionals="0" methods="0" coveredmethods="0"/>
          <line num="1" count="6" type="stmt"/>
          <line num="6" count="6" type="stmt"/>
          <line num="11" count="6" type="stmt"/>
          <line num="20" count="6" type="stmt"/>
        </file>
      </package>
      <package name="State">
        <metrics statements="44" coveredstatements="44" conditionals="57" coveredconditionals="57" methods="0" coveredmethods="0"/>
        <file name="AppState.js" path="E:\FTN\Master studije\Master rad\FaVila\src\main\webapp\State\AppState.js">
          <metrics statements="33" coveredstatements="33" conditionals="47" coveredconditionals="47" methods="0" coveredmethods="0"/>
          <line num="5" count="6" type="stmt"/>
          <line num="7" count="21" type="cond" truecount="2" falsecount="0"/>
          <line num="8" count="9" type="cond" truecount="2" falsecount="0"/>
          <line num="9" count="10" type="cond" truecount="2" falsecount="0"/>
          <line num="10" count="3" type="cond" truecount="2" falsecount="0"/>
          <line num="12" count="5" type="stmt"/>
          <line num="13" count="5" type="cond" truecount="2" falsecount="0"/>
          <line num="14" count="1" type="stmt"/>
          <line num="15" count="4" type="cond" truecount="2" falsecount="0"/>
          <line num="16" count="1" type="stmt"/>
          <line num="18" count="5" type="stmt"/>
          <line num="24" count="3" type="cond" truecount="4" falsecount="0"/>
          <line num="25" count="3" type="cond" truecount="4" falsecount="0"/>
          <line num="26" count="3" type="cond" truecount="4" falsecount="0"/>
          <line num="29" count="17" type="cond" truecount="2" falsecount="0"/>
          <line num="30" count="13" type="cond" truecount="2" falsecount="0"/>
          <line num="31" count="13" type="cond" truecount="2" falsecount="0"/>
          <line num="32" count="6" type="cond" truecount="3" falsecount="0"/>
          <line num="34" count="6" type="stmt"/>
          <line num="35" count="6" type="cond" truecount="2" falsecount="0"/>
          <line num="36" count="5" type="stmt"/>
          <line num="38" count="6" type="cond" truecount="2" falsecount="0"/>
          <line num="39" count="4" type="stmt"/>
          <line num="42" count="6" type="cond" truecount="2" falsecount="0"/>
          <line num="43" count="4" type="stmt"/>
          <line num="45" count="6" type="stmt"/>
          <line num="49" count="17" type="cond" truecount="2" falsecount="0"/>
          <line num="50" count="8" type="cond" truecount="2" falsecount="0"/>
          <line num="51" count="12" type="cond" truecount="2" falsecount="0"/>
          <line num="53" count="6" type="cond" truecount="2" falsecount="0"/>
          <line num="54" count="5" type="stmt"/>
          <line num="56" count="1" type="stmt"/>
          <line num="60" count="6" type="stmt"/>
        </file>
        <file name="LoginState.js" path="E:\FTN\Master studije\Master rad\FaVila\src\main\webapp\State\LoginState.js">
          <metrics statements="11" coveredstatements="11" conditionals="10" coveredconditionals="10" methods="0" coveredmethods="0"/>
          <line num="4" count="4" type="stmt"/>
          <line num="6" count="26" type="cond" truecount="2" falsecount="0"/>
          <line num="7" count="20" type="cond" truecount="2" falsecount="0"/>
          <line num="8" count="11" type="cond" truecount="2" falsecount="0"/>
          <line num="10" count="10" type="stmt"/>
          <line num="11" count="10" type="cond" truecount="2" falsecount="0"/>
          <line num="12" count="6" type="stmt"/>
          <line num="14" count="10" type="cond" truecount="2" falsecount="0"/>
          <line num="15" count="7" type="stmt"/>
          <line num="17" count="10" type="stmt"/>
          <line num="21" count="4" type="stmt"/>
        </file>
      </package>
      <package name="Utils">
        <metrics statements="11" coveredstatements="11" conditionals="7" coveredconditionals="7" methods="5" coveredmethods="5"/>
        <file name="Cloner.js" path="E:\FTN\Master studije\Master rad\FaVila\src\main\webapp\Utils\Cloner.js">
          <metrics statements="1" coveredstatements="1" conditionals="2" coveredconditionals="2" methods="1" coveredmethods="1"/>
          <line num="3" count="8" type="cond" truecount="2" falsecount="0"/>
        </file>
        <file name="RegExpValidation.js" path="E:\FTN\Master studije\Master rad\FaVila\src\main\webapp\Utils\RegExpValidation.js">
          <metrics statements="10" coveredstatements="10" conditionals="5" coveredconditionals="5" methods="4" coveredmethods="4"/>
          <line num="1" count="9" type="stmt"/>
          <line num="2" count="9" type="stmt"/>
          <line num="3" count="9" type="stmt"/>
          <line num="7" count="47" type="stmt"/>
          <line num="11" count="29" type="stmt"/>
          <line num="15" count="44" type="stmt"/>
          <line num="19" count="9" type="stmt"/>
          <line num="20" count="120" type="cond" truecount="5" falsecount="0"/>
          <line num="21" count="79" type="stmt"/>
          <line num="23" count="41" type="stmt"/>
        </file>
      </package>
    </metrics>
  </project>
</coverage>
