{"E:\\FTN\\Master studije\\Master rad\\FaVila\\src\\main\\webapp\\Actions\\AppActions.js": {"path":"E:\\FTN\\Master studije\\Master rad\\FaVila\\src\\main\\webapp\\Actions\\AppActions.js","statementMap":{"0":{"start":{"line":3,"column":19},"end":{"line":20,"column":1}},"1":{"start":{"line":5,"column":4},"end":{"line":5,"column":38}},"2":{"start":{"line":8,"column":4},"end":{"line":8,"column":40}},"3":{"start":{"line":12,"column":4},"end":{"line":18,"column":6}},"4":{"start":{"line":13,"column":6},"end":{"line":17,"column":7}},"5":{"start":{"line":14,"column":8},"end":{"line":14,"column":36}},"6":{"start":{"line":14,"column":17},"end":{"line":14,"column":34}},"7":{"start":{"line":16,"column":8},"end":{"line":16,"column":44}},"8":{"start":{"line":22,"column":28},"end":{"line":29,"column":1}},"9":{"start":{"line":23,"column":2},"end":{"line":28,"column":3}},"10":{"start":{"line":24,"column":4},"end":{"line":27,"column":6}}},"fnMap":{"0":{"name":"(anonymous_0)","decl":{"start":{"line":4,"column":9},"end":{"line":4,"column":10}},"loc":{"start":{"line":4,"column":18},"end":{"line":6,"column":3}},"line":4},"1":{"name":"(anonymous_1)","decl":{"start":{"line":7,"column":11},"end":{"line":7,"column":12}},"loc":{"start":{"line":7,"column":20},"end":{"line":9,"column":3}},"line":7},"2":{"name":"(anonymous_2)","decl":{"start":{"line":11,"column":9},"end":{"line":11,"column":10}},"loc":{"start":{"line":11,"column":17},"end":{"line":19,"column":3}},"line":11},"3":{"name":"(anonymous_3)","decl":{"start":{"line":12,"column":11},"end":{"line":12,"column":12}},"loc":{"start":{"line":12,"column":21},"end":{"line":18,"column":5}},"line":12},"4":{"name":"(anonymous_4)","decl":{"start":{"line":22,"column":28},"end":{"line":22,"column":29}},"loc":{"start":{"line":22,"column":44},"end":{"line":29,"column":1}},"line":22}},"branchMap":{"0":{"loc":{"start":{"line":13,"column":6},"end":{"line":17,"column":7}},"type":"if","locations":[{"start":{"line":13,"column":6},"end":{"line":17,"column":7}},{"start":{"line":13,"column":6},"end":{"line":17,"column":7}}],"line":13},"1":{"loc":{"start":{"line":14,"column":8},"end":{"line":14,"column":36}},"type":"if","locations":[{"start":{"line":14,"column":8},"end":{"line":14,"column":36}},{"start":{"line":14,"column":8},"end":{"line":14,"column":36}}],"line":14},"2":{"loc":{"start":{"line":23,"column":2},"end":{"line":28,"column":3}},"type":"if","locations":[{"start":{"line":23,"column":2},"end":{"line":28,"column":3}},{"start":{"line":23,"column":2},"end":{"line":28,"column":3}}],"line":23},"3":{"loc":{"start":{"line":23,"column":5},"end":{"line":23,"column":56}},"type":"binary-expr","locations":[{"start":{"line":23,"column":5},"end":{"line":23,"column":8}},{"start":{"line":23,"column":12},"end":{"line":23,"column":35}},{"start":{"line":23,"column":39},"end":{"line":23,"column":56}}],"line":23}},"s":{"0":1,"1":11,"2":9,"3":4,"4":3,"5":1,"6":1,"7":2,"8":1,"9":20,"10":3},"f":{"0":11,"1":9,"2":4,"3":3,"4":20},"b":{"0":[1,2],"1":[1,0],"2":[3,17],"3":[20,13,5]},"_coverageSchema":"332fd63041d2c1bcb487cc26dd0d5f7d97098a6c","hash":"81f22d71a80a805da03e8bcc781cd9c6474e1b7c"}
,"E:\\FTN\\Master studije\\Master rad\\FaVila\\src\\main\\webapp\\Actions\\GroupActions.js": {"path":"E:\\FTN\\Master studije\\Master rad\\FaVila\\src\\main\\webapp\\Actions\\GroupActions.js","statementMap":{"0":{"start":{"line":9,"column":16},"end":{"line":9,"column":27}},"1":{"start":{"line":11,"column":20},"end":{"line":20,"column":1}},"2":{"start":{"line":13,"column":17},"end":{"line":16,"column":5}},"3":{"start":{"line":14,"column":6},"end":{"line":14,"column":35}},"4":{"start":{"line":15,"column":6},"end":{"line":15,"column":67}},"5":{"start":{"line":18,"column":4},"end":{"line":18,"column":74}}},"fnMap":{"0":{"name":"(anonymous_0)","decl":{"start":{"line":12,"column":10},"end":{"line":12,"column":11}},"loc":{"start":{"line":12,"column":16},"end":{"line":19,"column":3}},"line":12},"1":{"name":"(anonymous_1)","decl":{"start":{"line":13,"column":17},"end":{"line":13,"column":18}},"loc":{"start":{"line":13,"column":30},"end":{"line":16,"column":5}},"line":13}},"branchMap":{},"s":{"0":1,"1":1,"2":1,"3":0,"4":0,"5":1},"f":{"0":1,"1":0},"b":{},"_coverageSchema":"332fd63041d2c1bcb487cc26dd0d5f7d97098a6c","hash":"2ae49bca67ea45644c3ee9dddd4cc9fbe940155e"}
,"E:\\FTN\\Master studije\\Master rad\\FaVila\\src\\main\\webapp\\Actions\\LoginPageActions.js": {"path":"E:\\FTN\\Master studije\\Master rad\\FaVila\\src\\main\\webapp\\Actions\\LoginPageActions.js","statementMap":{"0":{"start":{"line":7,"column":4},"end":{"line":7,"column":30}},"1":{"start":{"line":11,"column":4},"end":{"line":11,"column":33}},"2":{"start":{"line":15,"column":4},"end":{"line":19,"column":5}},"3":{"start":{"line":16,"column":6},"end":{"line":16,"column":26}},"4":{"start":{"line":18,"column":6},"end":{"line":18,"column":36}},"5":{"start":{"line":23,"column":22},"end":{"line":30,"column":1}},"6":{"start":{"line":24,"column":12},"end":{"line":24,"column":26}},"7":{"start":{"line":25,"column":2},"end":{"line":29,"column":3}},"8":{"start":{"line":26,"column":4},"end":{"line":26,"column":33}},"9":{"start":{"line":28,"column":4},"end":{"line":28,"column":39}}},"fnMap":{"0":{"name":"(anonymous_0)","decl":{"start":{"line":6,"column":21},"end":{"line":6,"column":22}},"loc":{"start":{"line":6,"column":28},"end":{"line":8,"column":3}},"line":6},"1":{"name":"(anonymous_1)","decl":{"start":{"line":10,"column":24},"end":{"line":10,"column":25}},"loc":{"start":{"line":10,"column":31},"end":{"line":12,"column":3}},"line":10},"2":{"name":"(anonymous_2)","decl":{"start":{"line":14,"column":16},"end":{"line":14,"column":17}},"loc":{"start":{"line":14,"column":22},"end":{"line":20,"column":3}},"line":14},"3":{"name":"(anonymous_3)","decl":{"start":{"line":23,"column":22},"end":{"line":23,"column":23}},"loc":{"start":{"line":23,"column":40},"end":{"line":30,"column":1}},"line":23}},"branchMap":{"0":{"loc":{"start":{"line":15,"column":4},"end":{"line":19,"column":5}},"type":"if","locations":[{"start":{"line":15,"column":4},"end":{"line":19,"column":5}},{"start":{"line":15,"column":4},"end":{"line":19,"column":5}}],"line":15},"1":{"loc":{"start":{"line":25,"column":2},"end":{"line":29,"column":3}},"type":"if","locations":[{"start":{"line":25,"column":2},"end":{"line":29,"column":3}},{"start":{"line":25,"column":2},"end":{"line":29,"column":3}}],"line":25},"2":{"loc":{"start":{"line":25,"column":5},"end":{"line":25,"column":53}},"type":"binary-expr","locations":[{"start":{"line":25,"column":5},"end":{"line":25,"column":9}},{"start":{"line":25,"column":14},"end":{"line":25,"column":37}},{"start":{"line":25,"column":41},"end":{"line":25,"column":52}}],"line":25}},"s":{"0":4,"1":4,"2":2,"3":1,"4":1,"5":1,"6":8,"7":8,"8":6,"9":2},"f":{"0":4,"1":4,"2":2,"3":8},"b":{"0":[1,1],"1":[6,2],"2":[8,4,4]},"_coverageSchema":"332fd63041d2c1bcb487cc26dd0d5f7d97098a6c","hash":"522848712264d1d9c301efb92fa531aa3a4b566d"}
,"E:\\FTN\\Master studije\\Master rad\\FaVila\\src\\main\\webapp\\Actions\\MyGroupPageActions.js": {"path":"E:\\FTN\\Master studije\\Master rad\\FaVila\\src\\main\\webapp\\Actions\\MyGroupPageActions.js","statementMap":{"0":{"start":{"line":9,"column":4},"end":{"line":9,"column":33}},"1":{"start":{"line":10,"column":4},"end":{"line":10,"column":65}},"2":{"start":{"line":14,"column":4},"end":{"line":14,"column":33}},"3":{"start":{"line":18,"column":4},"end":{"line":18,"column":29}},"4":{"start":{"line":22,"column":4},"end":{"line":22,"column":36}},"5":{"start":{"line":26,"column":4},"end":{"line":30,"column":5}},"6":{"start":{"line":27,"column":6},"end":{"line":27,"column":28}},"7":{"start":{"line":29,"column":6},"end":{"line":29,"column":44}},"8":{"start":{"line":34,"column":22},"end":{"line":41,"column":1}},"9":{"start":{"line":35,"column":12},"end":{"line":35,"column":26}},"10":{"start":{"line":36,"column":2},"end":{"line":40,"column":3}},"11":{"start":{"line":37,"column":4},"end":{"line":37,"column":41}},"12":{"start":{"line":39,"column":4},"end":{"line":39,"column":47}}},"fnMap":{"0":{"name":"(anonymous_0)","decl":{"start":{"line":8,"column":12},"end":{"line":8,"column":13}},"loc":{"start":{"line":8,"column":18},"end":{"line":11,"column":3}},"line":8},"1":{"name":"(anonymous_1)","decl":{"start":{"line":13,"column":16},"end":{"line":13,"column":17}},"loc":{"start":{"line":13,"column":22},"end":{"line":15,"column":3}},"line":13},"2":{"name":"(anonymous_2)","decl":{"start":{"line":17,"column":20},"end":{"line":17,"column":21}},"loc":{"start":{"line":17,"column":27},"end":{"line":19,"column":3}},"line":17},"3":{"name":"(anonymous_3)","decl":{"start":{"line":21,"column":27},"end":{"line":21,"column":28}},"loc":{"start":{"line":21,"column":34},"end":{"line":23,"column":3}},"line":21},"4":{"name":"(anonymous_4)","decl":{"start":{"line":25,"column":16},"end":{"line":25,"column":17}},"loc":{"start":{"line":25,"column":22},"end":{"line":31,"column":3}},"line":25},"5":{"name":"(anonymous_5)","decl":{"start":{"line":34,"column":22},"end":{"line":34,"column":23}},"loc":{"start":{"line":34,"column":40},"end":{"line":41,"column":1}},"line":34}},"branchMap":{"0":{"loc":{"start":{"line":26,"column":4},"end":{"line":30,"column":5}},"type":"if","locations":[{"start":{"line":26,"column":4},"end":{"line":30,"column":5}},{"start":{"line":26,"column":4},"end":{"line":30,"column":5}}],"line":26},"1":{"loc":{"start":{"line":36,"column":2},"end":{"line":40,"column":3}},"type":"if","locations":[{"start":{"line":36,"column":2},"end":{"line":40,"column":3}},{"start":{"line":36,"column":2},"end":{"line":40,"column":3}}],"line":36},"2":{"loc":{"start":{"line":36,"column":5},"end":{"line":36,"column":53}},"type":"binary-expr","locations":[{"start":{"line":36,"column":5},"end":{"line":36,"column":9}},{"start":{"line":36,"column":14},"end":{"line":36,"column":37}},{"start":{"line":36,"column":41},"end":{"line":36,"column":52}}],"line":36}},"s":{"0":2,"1":2,"2":1,"3":4,"4":4,"5":2,"6":1,"7":1,"8":1,"9":8,"10":8,"11":6,"12":2},"f":{"0":2,"1":1,"2":4,"3":4,"4":2,"5":8},"b":{"0":[1,1],"1":[6,2],"2":[8,4,4]},"_coverageSchema":"332fd63041d2c1bcb487cc26dd0d5f7d97098a6c","hash":"8f392744780015442386e8010564fce2fa36a0d6"}
,"E:\\FTN\\Master studije\\Master rad\\FaVila\\src\\main\\webapp\\Actions\\ProfilePageActions.js": {"path":"E:\\FTN\\Master studije\\Master rad\\FaVila\\src\\main\\webapp\\Actions\\ProfilePageActions.js","statementMap":{"0":{"start":{"line":9,"column":4},"end":{"line":9,"column":33}},"1":{"start":{"line":10,"column":4},"end":{"line":10,"column":58}},"2":{"start":{"line":14,"column":4},"end":{"line":14,"column":33}},"3":{"start":{"line":18,"column":4},"end":{"line":18,"column":34}},"4":{"start":{"line":22,"column":4},"end":{"line":22,"column":33}},"5":{"start":{"line":26,"column":4},"end":{"line":26,"column":30}},"6":{"start":{"line":30,"column":4},"end":{"line":34,"column":5}},"7":{"start":{"line":31,"column":6},"end":{"line":31,"column":27}},"8":{"start":{"line":33,"column":6},"end":{"line":33,"column":46}},"9":{"start":{"line":38,"column":22},"end":{"line":45,"column":1}},"10":{"start":{"line":39,"column":12},"end":{"line":39,"column":26}},"11":{"start":{"line":40,"column":2},"end":{"line":44,"column":3}},"12":{"start":{"line":41,"column":4},"end":{"line":41,"column":40}},"13":{"start":{"line":43,"column":4},"end":{"line":43,"column":46}}},"fnMap":{"0":{"name":"(anonymous_0)","decl":{"start":{"line":8,"column":12},"end":{"line":8,"column":13}},"loc":{"start":{"line":8,"column":18},"end":{"line":11,"column":3}},"line":8},"1":{"name":"(anonymous_1)","decl":{"start":{"line":13,"column":16},"end":{"line":13,"column":17}},"loc":{"start":{"line":13,"column":22},"end":{"line":15,"column":3}},"line":13},"2":{"name":"(anonymous_2)","decl":{"start":{"line":17,"column":25},"end":{"line":17,"column":26}},"loc":{"start":{"line":17,"column":32},"end":{"line":19,"column":3}},"line":17},"3":{"name":"(anonymous_3)","decl":{"start":{"line":21,"column":24},"end":{"line":21,"column":25}},"loc":{"start":{"line":21,"column":31},"end":{"line":23,"column":3}},"line":21},"4":{"name":"(anonymous_4)","decl":{"start":{"line":25,"column":21},"end":{"line":25,"column":22}},"loc":{"start":{"line":25,"column":28},"end":{"line":27,"column":3}},"line":25},"5":{"name":"(anonymous_5)","decl":{"start":{"line":29,"column":16},"end":{"line":29,"column":17}},"loc":{"start":{"line":29,"column":22},"end":{"line":35,"column":3}},"line":29},"6":{"name":"(anonymous_6)","decl":{"start":{"line":38,"column":22},"end":{"line":38,"column":23}},"loc":{"start":{"line":38,"column":40},"end":{"line":45,"column":1}},"line":38}},"branchMap":{"0":{"loc":{"start":{"line":30,"column":4},"end":{"line":34,"column":5}},"type":"if","locations":[{"start":{"line":30,"column":4},"end":{"line":34,"column":5}},{"start":{"line":30,"column":4},"end":{"line":34,"column":5}}],"line":30},"1":{"loc":{"start":{"line":40,"column":2},"end":{"line":44,"column":3}},"type":"if","locations":[{"start":{"line":40,"column":2},"end":{"line":44,"column":3}},{"start":{"line":40,"column":2},"end":{"line":44,"column":3}}],"line":40},"2":{"loc":{"start":{"line":40,"column":5},"end":{"line":40,"column":53}},"type":"binary-expr","locations":[{"start":{"line":40,"column":5},"end":{"line":40,"column":9}},{"start":{"line":40,"column":14},"end":{"line":40,"column":37}},{"start":{"line":40,"column":41},"end":{"line":40,"column":52}}],"line":40}},"s":{"0":2,"1":2,"2":1,"3":4,"4":4,"5":4,"6":2,"7":1,"8":1,"9":1,"10":12,"11":12,"12":9,"13":3},"f":{"0":2,"1":1,"2":4,"3":4,"4":4,"5":2,"6":12},"b":{"0":[1,1],"1":[9,3],"2":[12,6,6]},"_coverageSchema":"332fd63041d2c1bcb487cc26dd0d5f7d97098a6c","hash":"540170839119c68d42f1e1484d48f8d35db835dc"}
,"E:\\FTN\\Master studije\\Master rad\\FaVila\\src\\main\\webapp\\Actions\\UserActions.js": {"path":"E:\\FTN\\Master studije\\Master rad\\FaVila\\src\\main\\webapp\\Actions\\UserActions.js","statementMap":{"0":{"start":{"line":9,"column":16},"end":{"line":9,"column":26}},"1":{"start":{"line":11,"column":20},"end":{"line":40,"column":1}},"2":{"start":{"line":13,"column":17},"end":{"line":15,"column":5}},"3":{"start":{"line":14,"column":6},"end":{"line":14,"column":36}},"4":{"start":{"line":16,"column":4},"end":{"line":16,"column":73}},"5":{"start":{"line":20,"column":17},"end":{"line":23,"column":5}},"6":{"start":{"line":21,"column":6},"end":{"line":21,"column":33}},"7":{"start":{"line":22,"column":6},"end":{"line":22,"column":38}},"8":{"start":{"line":24,"column":4},"end":{"line":24,"column":83}},"9":{"start":{"line":28,"column":17},"end":{"line":31,"column":5}},"10":{"start":{"line":29,"column":6},"end":{"line":29,"column":35}},"11":{"start":{"line":30,"column":6},"end":{"line":30,"column":60}},"12":{"start":{"line":33,"column":4},"end":{"line":33,"column":73}},"13":{"start":{"line":37,"column":4},"end":{"line":37,"column":35}},"14":{"start":{"line":38,"column":4},"end":{"line":38,"column":36}}},"fnMap":{"0":{"name":"(anonymous_0)","decl":{"start":{"line":12,"column":13},"end":{"line":12,"column":14}},"loc":{"start":{"line":12,"column":19},"end":{"line":17,"column":3}},"line":12},"1":{"name":"(anonymous_1)","decl":{"start":{"line":13,"column":17},"end":{"line":13,"column":18}},"loc":{"start":{"line":13,"column":30},"end":{"line":15,"column":5}},"line":13},"2":{"name":"(anonymous_2)","decl":{"start":{"line":19,"column":9},"end":{"line":19,"column":10}},"loc":{"start":{"line":19,"column":15},"end":{"line":25,"column":3}},"line":19},"3":{"name":"(anonymous_3)","decl":{"start":{"line":20,"column":17},"end":{"line":20,"column":18}},"loc":{"start":{"line":20,"column":30},"end":{"line":23,"column":5}},"line":20},"4":{"name":"(anonymous_4)","decl":{"start":{"line":27,"column":10},"end":{"line":27,"column":11}},"loc":{"start":{"line":27,"column":16},"end":{"line":34,"column":3}},"line":27},"5":{"name":"(anonymous_5)","decl":{"start":{"line":28,"column":17},"end":{"line":28,"column":18}},"loc":{"start":{"line":28,"column":30},"end":{"line":31,"column":5}},"line":28},"6":{"name":"(anonymous_6)","decl":{"start":{"line":36,"column":10},"end":{"line":36,"column":11}},"loc":{"start":{"line":36,"column":16},"end":{"line":39,"column":3}},"line":36}},"branchMap":{},"s":{"0":1,"1":1,"2":1,"3":0,"4":1,"5":1,"6":0,"7":0,"8":1,"9":1,"10":0,"11":0,"12":1,"13":0,"14":0},"f":{"0":1,"1":0,"2":1,"3":0,"4":1,"5":0,"6":0},"b":{},"_coverageSchema":"332fd63041d2c1bcb487cc26dd0d5f7d97098a6c","hash":"61798e634c47fa00a20d7b9c82601c155fe879ad"}
,"E:\\FTN\\Master studije\\Master rad\\FaVila\\src\\main\\webapp\\Constants\\AppConstants.js": {"path":"E:\\FTN\\Master studije\\Master rad\\FaVila\\src\\main\\webapp\\Constants\\AppConstants.js","statementMap":{"0":{"start":{"line":1,"column":18},"end":{"line":4,"column":1}},"1":{"start":{"line":6,"column":19},"end":{"line":9,"column":1}},"2":{"start":{"line":11,"column":18},"end":{"line":18,"column":1}},"3":{"start":{"line":20,"column":16},"end":{"line":24,"column":1}}},"fnMap":{},"branchMap":{},"s":{"0":6,"1":6,"2":6,"3":6},"f":{},"b":{},"_coverageSchema":"332fd63041d2c1bcb487cc26dd0d5f7d97098a6c","hash":"9b8796b267f82ae250dd1808b5df75633694951b"}
,"E:\\FTN\\Master studije\\Master rad\\FaVila\\src\\main\\webapp\\State\\AppState.js": {"path":"E:\\FTN\\Master studije\\Master rad\\FaVila\\src\\main\\webapp\\State\\AppState.js","statementMap":{"0":{"start":{"line":5,"column":12},"end":{"line":58,"column":2}},"1":{"start":{"line":7,"column":20},"end":{"line":7,"column":58}},"2":{"start":{"line":8,"column":18},"end":{"line":8,"column":89}},"3":{"start":{"line":9,"column":19},"end":{"line":9,"column":97}},"4":{"start":{"line":10,"column":19},"end":{"line":10,"column":107}},"5":{"start":{"line":12,"column":20},"end":{"line":12,"column":39}},"6":{"start":{"line":13,"column":4},"end":{"line":17,"column":5}},"7":{"start":{"line":14,"column":6},"end":{"line":14,"column":53}},"8":{"start":{"line":15,"column":11},"end":{"line":17,"column":5}},"9":{"start":{"line":16,"column":6},"end":{"line":16,"column":52}},"10":{"start":{"line":18,"column":4},"end":{"line":18,"column":21}},"11":{"start":{"line":24,"column":21},"end":{"line":24,"column":83}},"12":{"start":{"line":25,"column":21},"end":{"line":25,"column":83}},"13":{"start":{"line":26,"column":20},"end":{"line":26,"column":81}},"14":{"start":{"line":29,"column":23},"end":{"line":29,"column":99}},"15":{"start":{"line":30,"column":27},"end":{"line":30,"column":111}},"16":{"start":{"line":31,"column":26},"end":{"line":31,"column":109}},"17":{"start":{"line":32,"column":29},"end":{"line":32,"column":103}},"18":{"start":{"line":34,"column":16},"end":{"line":34,"column":18}},"19":{"start":{"line":35,"column":4},"end":{"line":37,"column":5}},"20":{"start":{"line":36,"column":8},"end":{"line":36,"column":49}},"21":{"start":{"line":38,"column":4},"end":{"line":40,"column":5}},"22":{"start":{"line":39,"column":8},"end":{"line":39,"column":67}},"23":{"start":{"line":42,"column":4},"end":{"line":44,"column":5}},"24":{"start":{"line":43,"column":8},"end":{"line":43,"column":71}},"25":{"start":{"line":45,"column":4},"end":{"line":45,"column":17}},"26":{"start":{"line":49,"column":27},"end":{"line":49,"column":108}},"27":{"start":{"line":50,"column":29},"end":{"line":50,"column":117}},"28":{"start":{"line":51,"column":29},"end":{"line":51,"column":85}},"29":{"start":{"line":53,"column":4},"end":{"line":55,"column":5}},"30":{"start":{"line":54,"column":8},"end":{"line":54,"column":75}},"31":{"start":{"line":56,"column":4},"end":{"line":56,"column":14}},"32":{"start":{"line":60,"column":0},"end":{"line":60,"column":21}}},"fnMap":{},"branchMap":{"0":{"loc":{"start":{"line":7,"column":27},"end":{"line":7,"column":57}},"type":"cond-expr","locations":[{"start":{"line":7,"column":45},"end":{"line":7,"column":49}},{"start":{"line":7,"column":52},"end":{"line":7,"column":57}}],"line":7},"1":{"loc":{"start":{"line":8,"column":25},"end":{"line":8,"column":88}},"type":"binary-expr","locations":[{"start":{"line":8,"column":25},"end":{"line":8,"column":39}},{"start":{"line":8,"column":43},"end":{"line":8,"column":88}}],"line":8},"2":{"loc":{"start":{"line":9,"column":26},"end":{"line":9,"column":96}},"type":"binary-expr","locations":[{"start":{"line":9,"column":26},"end":{"line":9,"column":40}},{"start":{"line":9,"column":44},"end":{"line":9,"column":96}}],"line":9},"3":{"loc":{"start":{"line":10,"column":26},"end":{"line":10,"column":106}},"type":"cond-expr","locations":[{"start":{"line":10,"column":43},"end":{"line":10,"column":101}},{"start":{"line":10,"column":104},"end":{"line":10,"column":106}}],"line":10},"4":{"loc":{"start":{"line":13,"column":4},"end":{"line":17,"column":5}},"type":"if","locations":[{"start":{"line":13,"column":4},"end":{"line":17,"column":5}},{"start":{"line":13,"column":4},"end":{"line":17,"column":5}}],"line":13},"5":{"loc":{"start":{"line":15,"column":11},"end":{"line":17,"column":5}},"type":"if","locations":[{"start":{"line":15,"column":11},"end":{"line":17,"column":5}},{"start":{"line":15,"column":11},"end":{"line":17,"column":5}}],"line":15},"6":{"loc":{"start":{"line":24,"column":28},"end":{"line":24,"column":82}},"type":"cond-expr","locations":[{"start":{"line":24,"column":70},"end":{"line":24,"column":74}},{"start":{"line":24,"column":77},"end":{"line":24,"column":82}}],"line":24},"7":{"loc":{"start":{"line":24,"column":28},"end":{"line":24,"column":67}},"type":"binary-expr","locations":[{"start":{"line":24,"column":28},"end":{"line":24,"column":37}},{"start":{"line":24,"column":41},"end":{"line":24,"column":67}}],"line":24},"8":{"loc":{"start":{"line":25,"column":28},"end":{"line":25,"column":82}},"type":"cond-expr","locations":[{"start":{"line":25,"column":70},"end":{"line":25,"column":74}},{"start":{"line":25,"column":77},"end":{"line":25,"column":82}}],"line":25},"9":{"loc":{"start":{"line":25,"column":28},"end":{"line":25,"column":67}},"type":"binary-expr","locations":[{"start":{"line":25,"column":28},"end":{"line":25,"column":37}},{"start":{"line":25,"column":41},"end":{"line":25,"column":67}}],"line":25},"10":{"loc":{"start":{"line":26,"column":27},"end":{"line":26,"column":80}},"type":"cond-expr","locations":[{"start":{"line":26,"column":68},"end":{"line":26,"column":72}},{"start":{"line":26,"column":75},"end":{"line":26,"column":80}}],"line":26},"11":{"loc":{"start":{"line":26,"column":27},"end":{"line":26,"column":65}},"type":"binary-expr","locations":[{"start":{"line":26,"column":27},"end":{"line":26,"column":36}},{"start":{"line":26,"column":40},"end":{"line":26,"column":65}}],"line":26},"12":{"loc":{"start":{"line":29,"column":30},"end":{"line":29,"column":98}},"type":"cond-expr","locations":[{"start":{"line":29,"column":46},"end":{"line":29,"column":91}},{"start":{"line":29,"column":93},"end":{"line":29,"column":98}}],"line":29},"13":{"loc":{"start":{"line":30,"column":34},"end":{"line":30,"column":110}},"type":"cond-expr","locations":[{"start":{"line":30,"column":50},"end":{"line":30,"column":103}},{"start":{"line":30,"column":105},"end":{"line":30,"column":110}}],"line":30},"14":{"loc":{"start":{"line":31,"column":33},"end":{"line":31,"column":108}},"type":"cond-expr","locations":[{"start":{"line":31,"column":49},"end":{"line":31,"column":101}},{"start":{"line":31,"column":103},"end":{"line":31,"column":108}}],"line":31},"15":{"loc":{"start":{"line":32,"column":36},"end":{"line":32,"column":102}},"type":"binary-expr","locations":[{"start":{"line":32,"column":36},"end":{"line":32,"column":53}},{"start":{"line":32,"column":57},"end":{"line":32,"column":77}},{"start":{"line":32,"column":81},"end":{"line":32,"column":102}}],"line":32},"16":{"loc":{"start":{"line":35,"column":4},"end":{"line":37,"column":5}},"type":"if","locations":[{"start":{"line":35,"column":4},"end":{"line":37,"column":5}},{"start":{"line":35,"column":4},"end":{"line":37,"column":5}}],"line":35},"17":{"loc":{"start":{"line":38,"column":4},"end":{"line":40,"column":5}},"type":"if","locations":[{"start":{"line":38,"column":4},"end":{"line":40,"column":5}},{"start":{"line":38,"column":4},"end":{"line":40,"column":5}}],"line":38},"18":{"loc":{"start":{"line":42,"column":4},"end":{"line":44,"column":5}},"type":"if","locations":[{"start":{"line":42,"column":4},"end":{"line":44,"column":5}},{"start":{"line":42,"column":4},"end":{"line":44,"column":5}}],"line":42},"19":{"loc":{"start":{"line":49,"column":34},"end":{"line":49,"column":107}},"type":"cond-expr","locations":[{"start":{"line":49,"column":51},"end":{"line":49,"column":100}},{"start":{"line":49,"column":102},"end":{"line":49,"column":107}}],"line":49},"20":{"loc":{"start":{"line":50,"column":36},"end":{"line":50,"column":116}},"type":"cond-expr","locations":[{"start":{"line":50,"column":53},"end":{"line":50,"column":109}},{"start":{"line":50,"column":111},"end":{"line":50,"column":116}}],"line":50},"21":{"loc":{"start":{"line":51,"column":36},"end":{"line":51,"column":84}},"type":"binary-expr","locations":[{"start":{"line":51,"column":36},"end":{"line":51,"column":57}},{"start":{"line":51,"column":61},"end":{"line":51,"column":84}}],"line":51},"22":{"loc":{"start":{"line":53,"column":4},"end":{"line":55,"column":5}},"type":"if","locations":[{"start":{"line":53,"column":4},"end":{"line":55,"column":5}},{"start":{"line":53,"column":4},"end":{"line":55,"column":5}}],"line":53}},"s":{"0":6,"1":21,"2":9,"3":10,"4":3,"5":5,"6":5,"7":1,"8":4,"9":1,"10":5,"11":3,"12":3,"13":3,"14":17,"15":13,"16":13,"17":6,"18":6,"19":6,"20":5,"21":6,"22":4,"23":6,"24":4,"25":6,"26":17,"27":8,"28":12,"29":6,"30":5,"31":1,"32":6},"f":{},"b":{"0":[11,10],"1":[9,5],"2":[10,6],"3":[1,2],"4":[1,4],"5":[1,3],"6":[1,2],"7":[3,1],"8":[1,2],"9":[3,1],"10":[1,2],"11":[3,1],"12":[11,6],"13":[9,4],"14":[9,4],"15":[6,2,2],"16":[5,1],"17":[4,2],"18":[4,2],"19":[11,6],"20":[6,2],"21":[12,3],"22":[5,1]},"_coverageSchema":"332fd63041d2c1bcb487cc26dd0d5f7d97098a6c","hash":"4febab1a6c53550bfae136c11e0ed39e3bdadc23"}
,"E:\\FTN\\Master studije\\Master rad\\FaVila\\src\\main\\webapp\\State\\LoginState.js": {"path":"E:\\FTN\\Master studije\\Master rad\\FaVila\\src\\main\\webapp\\State\\LoginState.js","statementMap":{"0":{"start":{"line":4,"column":12},"end":{"line":19,"column":2}},"1":{"start":{"line":6,"column":23},"end":{"line":6,"column":91}},"2":{"start":{"line":7,"column":26},"end":{"line":7,"column":108}},"3":{"start":{"line":8,"column":22},"end":{"line":8,"column":71}},"4":{"start":{"line":10,"column":16},"end":{"line":10,"column":18}},"5":{"start":{"line":11,"column":4},"end":{"line":13,"column":5}},"6":{"start":{"line":12,"column":8},"end":{"line":12,"column":49}},"7":{"start":{"line":14,"column":4},"end":{"line":16,"column":5}},"8":{"start":{"line":15,"column":8},"end":{"line":15,"column":80}},"9":{"start":{"line":17,"column":4},"end":{"line":17,"column":17}},"10":{"start":{"line":21,"column":0},"end":{"line":21,"column":26}}},"fnMap":{},"branchMap":{"0":{"loc":{"start":{"line":6,"column":30},"end":{"line":6,"column":90}},"type":"cond-expr","locations":[{"start":{"line":6,"column":42},"end":{"line":6,"column":83}},{"start":{"line":6,"column":85},"end":{"line":6,"column":90}}],"line":6},"1":{"loc":{"start":{"line":7,"column":33},"end":{"line":7,"column":107}},"type":"cond-expr","locations":[{"start":{"line":7,"column":45},"end":{"line":7,"column":100}},{"start":{"line":7,"column":102},"end":{"line":7,"column":107}}],"line":7},"2":{"loc":{"start":{"line":8,"column":29},"end":{"line":8,"column":70}},"type":"binary-expr","locations":[{"start":{"line":8,"column":29},"end":{"line":8,"column":46}},{"start":{"line":8,"column":50},"end":{"line":8,"column":70}}],"line":8},"3":{"loc":{"start":{"line":11,"column":4},"end":{"line":13,"column":5}},"type":"if","locations":[{"start":{"line":11,"column":4},"end":{"line":13,"column":5}},{"start":{"line":11,"column":4},"end":{"line":13,"column":5}}],"line":11},"4":{"loc":{"start":{"line":14,"column":4},"end":{"line":16,"column":5}},"type":"if","locations":[{"start":{"line":14,"column":4},"end":{"line":16,"column":5}},{"start":{"line":14,"column":4},"end":{"line":16,"column":5}}],"line":14}},"s":{"0":4,"1":26,"2":20,"3":11,"4":10,"5":10,"6":6,"7":10,"8":7,"9":10,"10":4},"f":{},"b":{"0":[20,6],"1":[16,4],"2":[11,5],"3":[6,4],"4":[7,3]},"_coverageSchema":"332fd63041d2c1bcb487cc26dd0d5f7d97098a6c","hash":"e35b9deb7026c76337b892a6cf47fe8f6487937f"}
,"E:\\FTN\\Master studije\\Master rad\\FaVila\\src\\main\\webapp\\Utils\\Cloner.js": {"path":"E:\\FTN\\Master studije\\Master rad\\FaVila\\src\\main\\webapp\\Utils\\Cloner.js","statementMap":{"0":{"start":{"line":3,"column":4},"end":{"line":3,"column":75}}},"fnMap":{"0":{"name":"(anonymous_0)","decl":{"start":{"line":2,"column":9},"end":{"line":2,"column":10}},"loc":{"start":{"line":2,"column":25},"end":{"line":4,"column":3}},"line":2}},"branchMap":{"0":{"loc":{"start":{"line":3,"column":11},"end":{"line":3,"column":74}},"type":"cond-expr","locations":[{"start":{"line":3,"column":24},"end":{"line":3,"column":62}},{"start":{"line":3,"column":65},"end":{"line":3,"column":74}}],"line":3}},"s":{"0":8},"f":{"0":8},"b":{"0":[3,5]},"_coverageSchema":"332fd63041d2c1bcb487cc26dd0d5f7d97098a6c","hash":"75bdbaebccade391653fd8fbd15528d8de9d68c9"}
,"E:\\FTN\\Master studije\\Master rad\\FaVila\\src\\main\\webapp\\Utils\\RegExpValidation.js": {"path":"E:\\FTN\\Master studije\\Master rad\\FaVila\\src\\main\\webapp\\Utils\\RegExpValidation.js","statementMap":{"0":{"start":{"line":1,"column":33},"end":{"line":1,"column":69}},"1":{"start":{"line":2,"column":42},"end":{"line":2,"column":70}},"2":{"start":{"line":3,"column":20},"end":{"line":3,"column":68}},"3":{"start":{"line":7,"column":6},"end":{"line":7,"column":57}},"4":{"start":{"line":11,"column":6},"end":{"line":11,"column":66}},"5":{"start":{"line":15,"column":6},"end":{"line":15,"column":44}},"6":{"start":{"line":19,"column":20},"end":{"line":25,"column":1}},"7":{"start":{"line":20,"column":2},"end":{"line":24,"column":3}},"8":{"start":{"line":21,"column":4},"end":{"line":21,"column":43}},"9":{"start":{"line":23,"column":4},"end":{"line":23,"column":17}}},"fnMap":{"0":{"name":"(anonymous_0)","decl":{"start":{"line":6,"column":17},"end":{"line":6,"column":18}},"loc":{"start":{"line":6,"column":27},"end":{"line":8,"column":5}},"line":6},"1":{"name":"(anonymous_1)","decl":{"start":{"line":10,"column":24},"end":{"line":10,"column":25}},"loc":{"start":{"line":10,"column":34},"end":{"line":12,"column":5}},"line":10},"2":{"name":"(anonymous_2)","decl":{"start":{"line":14,"column":13},"end":{"line":14,"column":14}},"loc":{"start":{"line":14,"column":23},"end":{"line":16,"column":5}},"line":14},"3":{"name":"(anonymous_3)","decl":{"start":{"line":19,"column":20},"end":{"line":19,"column":21}},"loc":{"start":{"line":19,"column":45},"end":{"line":25,"column":1}},"line":19}},"branchMap":{"0":{"loc":{"start":{"line":20,"column":2},"end":{"line":24,"column":3}},"type":"if","locations":[{"start":{"line":20,"column":2},"end":{"line":24,"column":3}},{"start":{"line":20,"column":2},"end":{"line":24,"column":3}}],"line":20},"1":{"loc":{"start":{"line":20,"column":5},"end":{"line":20,"column":70}},"type":"binary-expr","locations":[{"start":{"line":20,"column":5},"end":{"line":20,"column":15}},{"start":{"line":20,"column":19},"end":{"line":20,"column":49}},{"start":{"line":20,"column":53},"end":{"line":20,"column":70}}],"line":20}},"s":{"0":9,"1":9,"2":9,"3":47,"4":29,"5":44,"6":9,"7":120,"8":79,"9":41},"f":{"0":47,"1":29,"2":44,"3":120},"b":{"0":[79,41],"1":[120,91,79]},"_coverageSchema":"332fd63041d2c1bcb487cc26dd0d5f7d97098a6c","hash":"7e4bca5e0e278660bed889076f2478d6040a41f8"}
}
