TN:
SF:E:\FTN\Master studije\Master rad\FaVila\src\main\webapp\Actions\AppActions.js
FN:4,(anonymous_0)
FN:7,(anonymous_1)
FN:11,(anonymous_2)
FN:12,(anonymous_3)
FN:22,(anonymous_4)
FNF:5
FNH:5
FNDA:11,(anonymous_0)
FNDA:9,(anonymous_1)
FNDA:4,(anonymous_2)
FNDA:3,(anonymous_3)
FNDA:20,(anonymous_4)
DA:3,1
DA:5,11
DA:8,9
DA:12,4
DA:13,3
DA:14,1
DA:16,2
DA:22,1
DA:23,20
DA:24,3
LF:10
LH:10
BRDA:13,0,0,1
BRDA:13,0,1,2
BRDA:14,1,0,1
BRDA:14,1,1,0
BRDA:23,2,0,3
BRDA:23,2,1,17
BRDA:23,3,0,20
BRDA:23,3,1,13
BRDA:23,3,2,5
BRF:9
BRH:8
end_of_record
TN:
SF:E:\FTN\Master studije\Master rad\FaVila\src\main\webapp\Actions\GroupActions.js
FN:12,(anonymous_0)
FN:13,(anonymous_1)
FNF:2
FNH:1
FNDA:1,(anonymous_0)
FNDA:0,(anonymous_1)
DA:9,1
DA:11,1
DA:13,1
DA:14,0
DA:15,0
DA:18,1
LF:6
LH:4
BRF:0
BRH:0
end_of_record
TN:
SF:E:\FTN\Master studije\Master rad\FaVila\src\main\webapp\Actions\LoginPageActions.js
FN:6,(anonymous_0)
FN:10,(anonymous_1)
FN:14,(anonymous_2)
FN:23,(anonymous_3)
FNF:4
FNH:4
FNDA:4,(anonymous_0)
FNDA:4,(anonymous_1)
FNDA:2,(anonymous_2)
FNDA:8,(anonymous_3)
DA:7,4
DA:11,4
DA:15,2
DA:16,1
DA:18,1
DA:23,1
DA:24,8
DA:25,8
DA:26,6
DA:28,2
LF:10
LH:10
BRDA:15,0,0,1
BRDA:15,0,1,1
BRDA:25,1,0,6
BRDA:25,1,1,2
BRDA:25,2,0,8
BRDA:25,2,1,4
BRDA:25,2,2,4
BRF:7
BRH:7
end_of_record
TN:
SF:E:\FTN\Master studije\Master rad\FaVila\src\main\webapp\Actions\MyGroupPageActions.js
FN:8,(anonymous_0)
FN:13,(anonymous_1)
FN:17,(anonymous_2)
FN:21,(anonymous_3)
FN:25,(anonymous_4)
FN:34,(anonymous_5)
FNF:6
FNH:6
FNDA:2,(anonymous_0)
FNDA:1,(anonymous_1)
FNDA:4,(anonymous_2)
FNDA:4,(anonymous_3)
FNDA:2,(anonymous_4)
FNDA:8,(anonymous_5)
DA:9,2
DA:10,2
DA:14,1
DA:18,4
DA:22,4
DA:26,2
DA:27,1
DA:29,1
DA:34,1
DA:35,8
DA:36,8
DA:37,6
DA:39,2
LF:13
LH:13
BRDA:26,0,0,1
BRDA:26,0,1,1
BRDA:36,1,0,6
BRDA:36,1,1,2
BRDA:36,2,0,8
BRDA:36,2,1,4
BRDA:36,2,2,4
BRF:7
BRH:7
end_of_record
TN:
SF:E:\FTN\Master studije\Master rad\FaVila\src\main\webapp\Actions\ProfilePageActions.js
FN:8,(anonymous_0)
FN:13,(anonymous_1)
FN:17,(anonymous_2)
FN:21,(anonymous_3)
FN:25,(anonymous_4)
FN:29,(anonymous_5)
FN:38,(anonymous_6)
FNF:7
FNH:7
FNDA:2,(anonymous_0)
FNDA:1,(anonymous_1)
FNDA:4,(anonymous_2)
FNDA:4,(anonymous_3)
FNDA:4,(anonymous_4)
FNDA:2,(anonymous_5)
FNDA:12,(anonymous_6)
DA:9,2
DA:10,2
DA:14,1
DA:18,4
DA:22,4
DA:26,4
DA:30,2
DA:31,1
DA:33,1
DA:38,1
DA:39,12
DA:40,12
DA:41,9
DA:43,3
LF:14
LH:14
BRDA:30,0,0,1
BRDA:30,0,1,1
BRDA:40,1,0,9
BRDA:40,1,1,3
BRDA:40,2,0,12
BRDA:40,2,1,6
BRDA:40,2,2,6
BRF:7
BRH:7
end_of_record
TN:
SF:E:\FTN\Master studije\Master rad\FaVila\src\main\webapp\Actions\UserActions.js
FN:12,(anonymous_0)
FN:13,(anonymous_1)
FN:19,(anonymous_2)
FN:20,(anonymous_3)
FN:27,(anonymous_4)
FN:28,(anonymous_5)
FN:36,(anonymous_6)
FNF:7
FNH:3
FNDA:1,(anonymous_0)
FNDA:0,(anonymous_1)
FNDA:1,(anonymous_2)
FNDA:0,(anonymous_3)
FNDA:1,(anonymous_4)
FNDA:0,(anonymous_5)
FNDA:0,(anonymous_6)
DA:9,1
DA:11,1
DA:13,1
DA:14,0
DA:16,1
DA:20,1
DA:21,0
DA:22,0
DA:24,1
DA:28,1
DA:29,0
DA:30,0
DA:33,1
DA:37,0
DA:38,0
LF:15
LH:8
BRF:0
BRH:0
end_of_record
TN:
SF:E:\FTN\Master studije\Master rad\FaVila\src\main\webapp\Constants\AppConstants.js
FNF:0
FNH:0
DA:1,6
DA:6,6
DA:11,6
DA:20,6
LF:4
LH:4
BRF:0
BRH:0
end_of_record
TN:
SF:E:\FTN\Master studije\Master rad\FaVila\src\main\webapp\State\AppState.js
FNF:0
FNH:0
DA:5,6
DA:7,21
DA:8,9
DA:9,10
DA:10,3
DA:12,5
DA:13,5
DA:14,1
DA:15,4
DA:16,1
DA:18,5
DA:24,3
DA:25,3
DA:26,3
DA:29,17
DA:30,13
DA:31,13
DA:32,6
DA:34,6
DA:35,6
DA:36,5
DA:38,6
DA:39,4
DA:42,6
DA:43,4
DA:45,6
DA:49,17
DA:50,8
DA:51,12
DA:53,6
DA:54,5
DA:56,1
DA:60,6
LF:33
LH:33
BRDA:7,0,0,11
BRDA:7,0,1,10
BRDA:8,1,0,9
BRDA:8,1,1,5
BRDA:9,2,0,10
BRDA:9,2,1,6
BRDA:10,3,0,1
BRDA:10,3,1,2
BRDA:13,4,0,1
BRDA:13,4,1,4
BRDA:15,5,0,1
BRDA:15,5,1,3
BRDA:24,6,0,1
BRDA:24,6,1,2
BRDA:24,7,0,3
BRDA:24,7,1,1
BRDA:25,8,0,1
BRDA:25,8,1,2
BRDA:25,9,0,3
BRDA:25,9,1,1
BRDA:26,10,0,1
BRDA:26,10,1,2
BRDA:26,11,0,3
BRDA:26,11,1,1
BRDA:29,12,0,11
BRDA:29,12,1,6
BRDA:30,13,0,9
BRDA:30,13,1,4
BRDA:31,14,0,9
BRDA:31,14,1,4
BRDA:32,15,0,6
BRDA:32,15,1,2
BRDA:32,15,2,2
BRDA:35,16,0,5
BRDA:35,16,1,1
BRDA:38,17,0,4
BRDA:38,17,1,2
BRDA:42,18,0,4
BRDA:42,18,1,2
BRDA:49,19,0,11
BRDA:49,19,1,6
BRDA:50,20,0,6
BRDA:50,20,1,2
BRDA:51,21,0,12
BRDA:51,21,1,3
BRDA:53,22,0,5
BRDA:53,22,1,1
BRF:47
BRH:47
end_of_record
TN:
SF:E:\FTN\Master studije\Master rad\FaVila\src\main\webapp\State\LoginState.js
FNF:0
FNH:0
DA:4,4
DA:6,26
DA:7,20
DA:8,11
DA:10,10
DA:11,10
DA:12,6
DA:14,10
DA:15,7
DA:17,10
DA:21,4
LF:11
LH:11
BRDA:6,0,0,20
BRDA:6,0,1,6
BRDA:7,1,0,16
BRDA:7,1,1,4
BRDA:8,2,0,11
BRDA:8,2,1,5
BRDA:11,3,0,6
BRDA:11,3,1,4
BRDA:14,4,0,7
BRDA:14,4,1,3
BRF:10
BRH:10
end_of_record
TN:
SF:E:\FTN\Master studije\Master rad\FaVila\src\main\webapp\Utils\Cloner.js
FN:2,(anonymous_0)
FNF:1
FNH:1
FNDA:8,(anonymous_0)
DA:3,8
LF:1
LH:1
BRDA:3,0,0,3
BRDA:3,0,1,5
BRF:2
BRH:2
end_of_record
TN:
SF:E:\FTN\Master studije\Master rad\FaVila\src\main\webapp\Utils\RegExpValidation.js
FN:6,(anonymous_0)
FN:10,(anonymous_1)
FN:14,(anonymous_2)
FN:19,(anonymous_3)
FNF:4
FNH:4
FNDA:47,(anonymous_0)
FNDA:29,(anonymous_1)
FNDA:44,(anonymous_2)
FNDA:120,(anonymous_3)
DA:1,9
DA:2,9
DA:3,9
DA:7,47
DA:11,29
DA:15,44
DA:19,9
DA:20,120
DA:21,79
DA:23,41
LF:10
LH:10
BRDA:20,0,0,79
BRDA:20,0,1,41
BRDA:20,1,0,120
BRDA:20,1,1,91
BRDA:20,1,2,79
BRF:5
BRH:5
end_of_record
